生成启动时间为 2017/1/17 16:34:41。
     1>项目“C:\Users\HY\Documents\work\animation\project\repos\repos\repos.vcxproj”在节点 2 上(Build 个目标)。
     1>C:\Program Files (x86)\MSBuild\Microsoft.Cpp\v4.0\V110\Microsoft.CppBuild.targets(346,5): warning MSB8004: Output Directory does not end with a trailing slash.  This build instance will add the slash as it is required to allow proper evaluation of the Output Directory.
     1>ClCompile:
         C:\Program Files (x86)\Microsoft Visual Studio 11.0\VC\bin\CL.exe /c /I../include /Zi /nologo /W3 /WX- /O2 /Oi /Oy- /GL /D _MBCS /D _MBCS /D WIN32 /Gm- /EHsc /MD /GS /Gy /fp:precise /Zc:wchar_t /Zc:forScope /Fo"Release\\" /Fd"Release\vc110.pdb" /Gd /TP /analyze- /errorReport:prompt Camera.cpp
         Camera.cpp
       Link:
         C:\Program Files (x86)\Microsoft Visual Studio 11.0\VC\bin\link.exe /ERRORREPORT:PROMPT /OUT:"../bin\repos.exe" /NOLOGO /LIBPATH:../lib glfw3.lib glut32.lib kernel32.lib user32.lib gdi32.lib winspool.lib comdlg32.lib advapi32.lib shell32.lib ole32.lib oleaut32.lib uuid.lib odbc32.lib odbccp32.lib kernel32.lib user32.lib gdi32.lib winspool.lib comdlg32.lib advapi32.lib shell32.lib ole32.lib oleaut32.lib uuid.lib odbc32.lib odbccp32.lib /MANIFEST /MANIFESTUAC:"level='asInvoker' uiAccess='false'" /manifest:embed /DEBUG /PDB:"../bin\repos.pdb" /OPT:REF /OPT:ICF /LTCG /TLBID:1 /DYNAMICBASE /NXCOMPAT /IMPLIB:"../bin\repos.lib" /MACHINE:X86 /SAFESEH /SAFESEH:NO Release\Camera.obj
         Release\Color.obj
         Release\Cuboid.obj
         Release\Cylinder.obj
         Release\Game.obj
         Release\HandleError.obj
         Release\HockeyAI.obj
         Release\Image.obj
         Release\main.obj
         Release\Rect.obj
         Release\utils.obj
         Release\Vector3.obj
         正在生成代码
         已完成代码的生成
         repos.vcxproj -> C:\Users\HY\Documents\work\animation\project\repos\repos\../bin\repos.exe
     1>已完成生成项目“C:\Users\HY\Documents\work\animation\project\repos\repos\repos.vcxproj”(Build 个目标)的操作。

生成成功。

已用时间 00:00:01.05
